<?xml version="1.0" encoding="UTF-8"?>
<!-- Generated by org.testng.reporters.JUnitReportReporter -->
<testsuite hostname="Testing-01" failures="0" tests="2" name="rahulshettyacademy.tests.ErrorValidationsTest" time="40.291" errors="0" timestamp="19 Apr 2024 07:04:32 GMT" skipped="0">
  <testcase classname="rahulshettyacademy.tests.ErrorValidationsTest" name="ProductErrorValidation" time="15.416"/>
  <testcase classname="rahulshettyacademy.tests.ErrorValidationsTest" name="LoginErrorValidation" time="24.875"/>
</testsuite> <!-- rahulshettyacademy.tests.ErrorValidationsTest -->
