<?xml version="1.0" encoding="UTF-8"?>
<!-- Generated by org.testng.reporters.JUnitReportReporter -->
<testsuite hostname="Testing-01" failures="0" tests="3" name="rahulshettyacademy.tests.SubmitOrderTest" time="96.865" errors="0" timestamp="19 Apr 2024 07:30:19 GMT" skipped="0">
  <testcase classname="rahulshettyacademy.tests.SubmitOrderTest" name="OrderHistoryTest" time="11.796"/>
  <testcase classname="rahulshettyacademy.tests.SubmitOrderTest" name="submitOrder" time="33.419"/>
  <testcase classname="rahulshettyacademy.tests.SubmitOrderTest" name="submitOrder" time="51.650"/>
</testsuite> <!-- rahulshettyacademy.tests.SubmitOrderTest -->
