<?xml version="1.0" encoding="UTF-8"?>
<!-- Generated by org.testng.reporters.JUnitReportReporter -->
<testsuite hostname="Testing-01" failures="0" tests="2" name="rahulshettyacademy.tests.ErrorValidationsTest" time="80.337" errors="0" timestamp="19 Apr 2024 07:30:19 GMT" skipped="0">
  <testcase classname="rahulshettyacademy.tests.ErrorValidationsTest" name="ProductErrorValidation" time="28.452"/>
  <testcase classname="rahulshettyacademy.tests.ErrorValidationsTest" name="LoginErrorValidation" time="51.885"/>
</testsuite> <!-- rahulshettyacademy.tests.ErrorValidationsTest -->
